2023-08-06 08:36:44.312069 - Initialized conversion of CBT945
2023-08-06 08:36:44.951936 - Received CBT.V505.FILE945.PDS from FILE945.XMI 
2023-08-06 08:36:44.954416 - Found $$$#DATE.txt (text/plain) in CBT.V505.FILE945.PDS, moved to PDS/$$$#DATE
2023-08-06 08:36:44.955385 - Found @FILE945.txt (text/plain) in CBT.V505.FILE945.PDS, moved to PDS/@FILE945
2023-08-06 08:36:44.956376 - Found A001A00I.txt (text/plain) in CBT.V505.FILE945.PDS, moved to PDS/A001A00I
2023-08-06 08:36:44.957309 - Found A001A01.txt (text/plain) in CBT.V505.FILE945.PDS, moved to PDS/A001A01
2023-08-06 08:36:44.958207 - Found A001A02.txt (text/plain) in CBT.V505.FILE945.PDS, moved to PDS/A001A02
2023-08-06 08:36:44.959106 - Found A001A03.txt (text/plain) in CBT.V505.FILE945.PDS, moved to PDS/A001A03
2023-08-06 08:36:44.960038 - Found A001A04.txt (text/plain) in CBT.V505.FILE945.PDS, moved to PDS/A001A04
2023-08-06 08:36:44.960985 - Found A001A05.txt (text/plain) in CBT.V505.FILE945.PDS, moved to PDS/A001A05
2023-08-06 08:36:44.961895 - Found A001A06.txt (text/plain) in CBT.V505.FILE945.PDS, moved to PDS/A001A06
2023-08-06 08:36:44.962791 - Found A001A07.txt (text/plain) in CBT.V505.FILE945.PDS, moved to PDS/A001A07
2023-08-06 08:36:44.963685 - Found A001A08.txt (text/plain) in CBT.V505.FILE945.PDS, moved to PDS/A001A08
2023-08-06 08:36:44.964561 - Found A001A09.txt (text/plain) in CBT.V505.FILE945.PDS, moved to PDS/A001A09
2023-08-06 08:36:44.965465 - Found A002A00I.txt (text/plain) in CBT.V505.FILE945.PDS, moved to PDS/A002A00I
2023-08-06 08:36:44.966368 - Found A002A01.txt (text/plain) in CBT.V505.FILE945.PDS, moved to PDS/A002A01
2023-08-06 08:36:44.967291 - Found A002A02.txt (text/plain) in CBT.V505.FILE945.PDS, moved to PDS/A002A02
2023-08-06 08:36:44.968185 - Found A002A03.txt (text/plain) in CBT.V505.FILE945.PDS, moved to PDS/A002A03
2023-08-06 08:36:44.969238 - Found A002A04.txt (text/plain) in CBT.V505.FILE945.PDS, moved to PDS/A002A04
2023-08-06 08:36:44.970261 - Found A002A05.txt (text/plain) in CBT.V505.FILE945.PDS, moved to PDS/A002A05
2023-08-06 08:36:44.971302 - Found A002A06.txt (text/plain) in CBT.V505.FILE945.PDS, moved to PDS/A002A06
2023-08-06 08:36:44.972177 - Found A002A07.txt (text/plain) in CBT.V505.FILE945.PDS, moved to PDS/A002A07
2023-08-06 08:36:44.973142 - Found A002A08.txt (text/plain) in CBT.V505.FILE945.PDS, moved to PDS/A002A08
2023-08-06 08:36:44.974054 - Found A002A09.txt (text/plain) in CBT.V505.FILE945.PDS, moved to PDS/A002A09
2023-08-06 08:36:44.974913 - Found A003A00I.txt (text/plain) in CBT.V505.FILE945.PDS, moved to PDS/A003A00I
2023-08-06 08:36:44.975834 - Found A003A01.txt (text/plain) in CBT.V505.FILE945.PDS, moved to PDS/A003A01
2023-08-06 08:36:44.976717 - Found A003A02.txt (text/plain) in CBT.V505.FILE945.PDS, moved to PDS/A003A02
2023-08-06 08:36:44.976726 - Found A003A03.bin containing application/octet-stream, moved to PDS/A003A03
2023-08-06 08:36:44.978599 - Found A003A04.txt (text/plain) in CBT.V505.FILE945.PDS, moved to PDS/A003A04
2023-08-06 08:36:44.979522 - Found A003A05.txt (text/plain) in CBT.V505.FILE945.PDS, moved to PDS/A003A05
2023-08-06 08:36:44.980400 - Found A003A06.txt (text/plain) in CBT.V505.FILE945.PDS, moved to PDS/A003A06
2023-08-06 08:36:44.981351 - Found A003A07.txt (text/plain) in CBT.V505.FILE945.PDS, moved to PDS/A003A07
2023-08-06 08:36:44.982243 - Found A004A00I.txt (text/plain) in CBT.V505.FILE945.PDS, moved to PDS/A004A00I
2023-08-06 08:36:44.983110 - Found A004A01.txt (text/plain) in CBT.V505.FILE945.PDS, moved to PDS/A004A01
2023-08-06 08:36:44.983984 - Found A004A02.txt (text/plain) in CBT.V505.FILE945.PDS, moved to PDS/A004A02
2023-08-06 08:36:44.984850 - Found A004A03.txt (text/plain) in CBT.V505.FILE945.PDS, moved to PDS/A004A03
2023-08-06 08:36:44.985831 - Found A004A04.txt (text/plain) in CBT.V505.FILE945.PDS, moved to PDS/A004A04
2023-08-06 08:36:44.986998 - Found A004A05.txt (text/plain) in CBT.V505.FILE945.PDS, moved to PDS/A004A05
2023-08-06 08:36:44.987950 - Found A004A06.txt (text/plain) in CBT.V505.FILE945.PDS, moved to PDS/A004A06
2023-08-06 08:36:44.988850 - Found A004A07.txt (text/plain) in CBT.V505.FILE945.PDS, moved to PDS/A004A07
2023-08-06 08:36:44.989814 - Found A005A00I.txt (text/plain) in CBT.V505.FILE945.PDS, moved to PDS/A005A00I
2023-08-06 08:36:44.990677 - Found A005A01.txt (text/plain) in CBT.V505.FILE945.PDS, moved to PDS/A005A01
2023-08-06 08:36:44.991583 - Found A005A02.txt (text/plain) in CBT.V505.FILE945.PDS, moved to PDS/A005A02
2023-08-06 08:36:44.992568 - Found A005A03.txt (text/plain) in CBT.V505.FILE945.PDS, moved to PDS/A005A03
2023-08-06 08:36:44.993482 - Found A005A04.txt (text/plain) in CBT.V505.FILE945.PDS, moved to PDS/A005A04
2023-08-06 08:36:44.994421 - Found A005A05.txt (text/plain) in CBT.V505.FILE945.PDS, moved to PDS/A005A05
2023-08-06 08:36:44.995333 - Found A005A06.txt (text/plain) in CBT.V505.FILE945.PDS, moved to PDS/A005A06
2023-08-06 08:36:44.996204 - Found A005A07.txt (text/plain) in CBT.V505.FILE945.PDS, moved to PDS/A005A07
2023-08-06 08:36:44.997115 - Found A006A00I.txt (text/plain) in CBT.V505.FILE945.PDS, moved to PDS/A006A00I
2023-08-06 08:36:44.998057 - Found A006A01.txt (text/plain) in CBT.V505.FILE945.PDS, moved to PDS/A006A01
2023-08-06 08:36:44.999007 - Found A006A02.txt (text/plain) in CBT.V505.FILE945.PDS, moved to PDS/A006A02
2023-08-06 08:36:44.999941 - Found A006A03.txt (text/plain) in CBT.V505.FILE945.PDS, moved to PDS/A006A03
2023-08-06 08:36:45.000807 - Found A006A04.txt (text/plain) in CBT.V505.FILE945.PDS, moved to PDS/A006A04
2023-08-06 08:36:45.001763 - Found A006A05.txt (text/plain) in CBT.V505.FILE945.PDS, moved to PDS/A006A05
2023-08-06 08:36:45.002745 - Found A006A06.txt (text/plain) in CBT.V505.FILE945.PDS, moved to PDS/A006A06
2023-08-06 08:36:45.003714 - Found A006A07.txt (text/plain) in CBT.V505.FILE945.PDS, moved to PDS/A006A07
2023-08-06 08:36:45.004591 - Found A007A00I.txt (text/plain) in CBT.V505.FILE945.PDS, moved to PDS/A007A00I
2023-08-06 08:36:45.005490 - Found A007A01.txt (text/plain) in CBT.V505.FILE945.PDS, moved to PDS/A007A01
2023-08-06 08:36:45.006377 - Found A007A02.txt (text/plain) in CBT.V505.FILE945.PDS, moved to PDS/A007A02
2023-08-06 08:36:45.007316 - Found A007A03.txt (text/plain) in CBT.V505.FILE945.PDS, moved to PDS/A007A03
2023-08-06 08:36:45.008250 - Found A007A04.txt (text/plain) in CBT.V505.FILE945.PDS, moved to PDS/A007A04
2023-08-06 08:36:45.009189 - Found A007A05.txt (text/plain) in CBT.V505.FILE945.PDS, moved to PDS/A007A05
2023-08-06 08:36:45.010026 - Found A007A06.txt (text/plain) in CBT.V505.FILE945.PDS, moved to PDS/A007A06
2023-08-06 08:36:45.010889 - Found A007A07.txt (text/plain) in CBT.V505.FILE945.PDS, moved to PDS/A007A07
2023-08-06 08:36:45.011725 - Found A007A08.txt (text/plain) in CBT.V505.FILE945.PDS, moved to PDS/A007A08
2023-08-06 08:36:45.012527 - Found A008A00I.txt (text/plain) in CBT.V505.FILE945.PDS, moved to PDS/A008A00I
2023-08-06 08:36:45.013374 - Found A008A01.txt (text/plain) in CBT.V505.FILE945.PDS, moved to PDS/A008A01
2023-08-06 08:36:45.014213 - Found A008A02.txt (text/plain) in CBT.V505.FILE945.PDS, moved to PDS/A008A02
2023-08-06 08:36:45.015025 - Found A008A03.txt (text/plain) in CBT.V505.FILE945.PDS, moved to PDS/A008A03
2023-08-06 08:36:45.015847 - Found A008A04.txt (text/plain) in CBT.V505.FILE945.PDS, moved to PDS/A008A04
2023-08-06 08:36:45.016635 - Found A008A05.txt (text/plain) in CBT.V505.FILE945.PDS, moved to PDS/A008A05
2023-08-06 08:36:45.017553 - Found A008A06.txt (text/plain) in CBT.V505.FILE945.PDS, moved to PDS/A008A06
2023-08-06 08:36:45.018565 - Found A008A07.txt (text/plain) in CBT.V505.FILE945.PDS, moved to PDS/A008A07
2023-08-06 08:36:45.019478 - Found A008A08.txt (text/plain) in CBT.V505.FILE945.PDS, moved to PDS/A008A08
